Normal Job (Not in debug partition)
singleCNN run1
/////////////////////////////////////////////////////////////
OMP_NUM_THREADS=1
Total calculation runtime: 165.55409100000003 ms
Accuracy: 94.28571428571428
/////////////////////////////////////////////////////////////
OMP_NUM_THREADS=2
Total calculation runtime: 87.56174600000001 ms
Accuracy: 94.28571428571428
/////////////////////////////////////////////////////////////
OMP_NUM_THREADS=4
Total calculation runtime: 50.68339800000001 ms
Accuracy: 94.28571428571428
/////////////////////////////////////////////////////////////
OMP_NUM_THREADS=8
Total calculation runtime: 27.958344000000007 ms
Accuracy: 94.28571428571428
/////////////////////////////////////////////////////////////
OMP_NUM_THREADS=16
Total calculation runtime: 18.155374000000002 ms
Accuracy: 94.28571428571428
/////////////////////////////////////////////////////////////
OMP_NUM_THREADS=32
Total calculation runtime: 32.02794900000001 ms
Accuracy: 94.28571428571428
/////////////////////////////////////////////////////////////
OMP_NUM_THREADS=64
Total calculation runtime: 31.239815999999998 ms
Accuracy: 94.28571428571428
/////////////////////////////////////////////////////////////
OMP_NUM_THREADS=128
Total calculation runtime: 37.88289599999999 ms
Accuracy: 94.28571428571428
/////////////////////////////////////////////////////////////
