Normal Job (Not in debug partition)
singleMLP More run100
/////////////////////////////////////////////////////////////
OMP_NUM_THREADS=1
Avg calculation runtime: 35.93041563999998 ms
Accuracy: 97.14285714285714
/////////////////////////////////////////////////////////////
OMP_NUM_THREADS=2
Avg calculation runtime: 23.800545449999994 ms
Accuracy: 97.14285714285714
/////////////////////////////////////////////////////////////
OMP_NUM_THREADS=4
Avg calculation runtime: 7.8761008200000004 ms
Accuracy: 97.14285714285714
/////////////////////////////////////////////////////////////
OMP_NUM_THREADS=8
Avg calculation runtime: 4.871706790000001 ms
Accuracy: 97.14285714285714
/////////////////////////////////////////////////////////////
OMP_NUM_THREADS=16
Avg calculation runtime: 3.5534831299999996 ms
Accuracy: 97.14285714285714
/////////////////////////////////////////////////////////////
OMP_NUM_THREADS=32
Avg calculation runtime: 5.303472169999999 ms
Accuracy: 97.14285714285714
/////////////////////////////////////////////////////////////
OMP_NUM_THREADS=64
Avg calculation runtime: 15.874420280000006 ms
Accuracy: 97.14285714285714
/////////////////////////////////////////////////////////////
OMP_NUM_THREADS=128
Avg calculation runtime: 7.4859408 ms
Accuracy: 97.14285714285714
/////////////////////////////////////////////////////////////
