Normal Job (Not in debug partition)
multiMLP More run1
/////////////////////////////////////////////////////////////
OMP_NUM_THREADS=1
Avg calculation runtime: 25.740819700000003 ms
Accuracy: 97.14285714285714
/////////////////////////////////////////////////////////////
OMP_NUM_THREADS=2
Avg calculation runtime: 13.790658799999996 ms
Accuracy: 97.14285714285714
/////////////////////////////////////////////////////////////
OMP_NUM_THREADS=4
Avg calculation runtime: 17.868713330000002 ms
Accuracy: 97.14285714285714
/////////////////////////////////////////////////////////////
OMP_NUM_THREADS=8
Avg calculation runtime: 14.937937719999995 ms
Accuracy: 97.14285714285714
/////////////////////////////////////////////////////////////
OMP_NUM_THREADS=16
Avg calculation runtime: 3.5600618899999987 ms
Accuracy: 97.14285714285714
/////////////////////////////////////////////////////////////
OMP_NUM_THREADS=32
Avg calculation runtime: 5.449493530000003 ms
Accuracy: 97.14285714285714
/////////////////////////////////////////////////////////////
OMP_NUM_THREADS=64
Avg calculation runtime: 5.87564936 ms
Accuracy: 97.14285714285714
/////////////////////////////////////////////////////////////
OMP_NUM_THREADS=128
Avg calculation runtime: 17.585850970000003 ms
Accuracy: 97.14285714285714
/////////////////////////////////////////////////////////////
