Normal Job (Not in debug partition)
singleCNN More run100
/////////////////////////////////////////////////////////////
OMP_NUM_THREADS=1
Avg calculation runtime: 4259.873423499998 ms
Accuracy: 97.14285714285714
/////////////////////////////////////////////////////////////
OMP_NUM_THREADS=2
Avg calculation runtime: 2636.1472654800004 ms
Accuracy: 97.14285714285714
/////////////////////////////////////////////////////////////
OMP_NUM_THREADS=4
Avg calculation runtime: 1281.8411633499998 ms
Accuracy: 97.14285714285714
/////////////////////////////////////////////////////////////
OMP_NUM_THREADS=8
Avg calculation runtime: 655.43037766 ms
Accuracy: 97.14285714285714
/////////////////////////////////////////////////////////////
OMP_NUM_THREADS=16
Avg calculation runtime: 359.6853407299999 ms
Accuracy: 97.14285714285714
/////////////////////////////////////////////////////////////
OMP_NUM_THREADS=32
Avg calculation runtime: 336.93135785000004 ms
Accuracy: 97.14285714285714
/////////////////////////////////////////////////////////////
OMP_NUM_THREADS=64
Avg calculation runtime: 326.4004272100001 ms
Accuracy: 97.14285714285714
/////////////////////////////////////////////////////////////
OMP_NUM_THREADS=128
Avg calculation runtime: 349.29157685000007 ms
Accuracy: 97.14285714285714
/////////////////////////////////////////////////////////////
