Normal Job (Not in debug partition)
singleMLP run100
/////////////////////////////////////////////////////////////
OMP_NUM_THREADS=1
Avg calculation runtime: 2.7719203899999996 ms
Accuracy: 94.28571428571428
/////////////////////////////////////////////////////////////
OMP_NUM_THREADS=2
Avg calculation runtime: 1.5218137299999992 ms
Accuracy: 94.28571428571428
/////////////////////////////////////////////////////////////
OMP_NUM_THREADS=4
Avg calculation runtime: 0.9861440099999997 ms
Accuracy: 94.28571428571428
/////////////////////////////////////////////////////////////
OMP_NUM_THREADS=8
Avg calculation runtime: 0.7666679200000003 ms
Accuracy: 94.28571428571428
/////////////////////////////////////////////////////////////
OMP_NUM_THREADS=16
Avg calculation runtime: 0.8169521099999999 ms
Accuracy: 94.28571428571428
/////////////////////////////////////////////////////////////
OMP_NUM_THREADS=32
Avg calculation runtime: 1.4228042099999993 ms
Accuracy: 94.28571428571428
/////////////////////////////////////////////////////////////
OMP_NUM_THREADS=64
Avg calculation runtime: 2.331160150000001 ms
Accuracy: 94.28571428571428
/////////////////////////////////////////////////////////////
OMP_NUM_THREADS=128
Avg calculation runtime: 4.1633203599999975 ms
Accuracy: 94.28571428571428
/////////////////////////////////////////////////////////////
