singleMLP run100
/////////////////////////////////////////////////////////////
OMP_NUM_THREADS=1
Avg calculation runtime: 2.7763017000000008 ms
Accuracy: 94.28571428571428
/////////////////////////////////////////////////////////////
OMP_NUM_THREADS=2
Avg calculation runtime: 1.5289632099999997 ms
Accuracy: 94.28571428571428
/////////////////////////////////////////////////////////////
OMP_NUM_THREADS=4
Avg calculation runtime: 0.9867509200000001 ms
Accuracy: 94.28571428571428
/////////////////////////////////////////////////////////////
OMP_NUM_THREADS=8
Avg calculation runtime: 0.7238500000000001 ms
Accuracy: 94.28571428571428
/////////////////////////////////////////////////////////////
OMP_NUM_THREADS=16
Avg calculation runtime: 0.7494668499999999 ms
Accuracy: 94.28571428571428
/////////////////////////////////////////////////////////////
OMP_NUM_THREADS=32
Avg calculation runtime: 1.4173990999999992 ms
Accuracy: 94.28571428571428
/////////////////////////////////////////////////////////////
OMP_NUM_THREADS=64
Avg calculation runtime: 2.40257247 ms
Accuracy: 94.28571428571428
/////////////////////////////////////////////////////////////
OMP_NUM_THREADS=128
Avg calculation runtime: 4.213953689999999 ms
Accuracy: 94.28571428571428
/////////////////////////////////////////////////////////////
